2026-02-12T19:54:11.3443503Z     __ __          __      __    _ __     
2026-02-12T19:54:11.3444936Z    / //_/_  _ ____/ /_  __/ /   (_) /____ 
2026-02-12T19:54:11.3444981Z   / ,< / / / / __  / / / / /   / / __/ _  
2026-02-12T19:54:11.3445006Z  / /| / /_/ / /_/ / /_/ / /___/ / /_/  __/
2026-02-12T19:54:11.3445030Z /_/ |_\__,_/\__,_/\__,_/_____/_/\__/\___/ 
2026-02-12T19:54:11.3445055Z 
2026-02-12T19:54:11.3445081Z                                           
2026-02-12T19:54:11.3445104Z DEBUG CONSOLE | AZURE APP SERVICE ON LINUX
2026-02-12T19:54:11.3445143Z 
2026-02-12T19:54:11.3445169Z Documentation: http://aka.ms/webapp-linux
2026-02-12T19:54:11.3445194Z Kudu Version : 20260116.3
2026-02-12T19:54:11.3445218Z Commit       : d04865a6c4b9cf2d3a66d8ec6b42fe7e2f93f36f
2026-02-12T19:54:11.3445254Z Instance Name: lw0sdlwk000CY9
2026-02-12T19:54:11.3445282Z Instance Id  : 1e8efd81b4645970fd27ae231faa7a976d2adeebc5d7764486e814ccf9926957
2026-02-12T19:54:11.3445303Z 
2026-02-12T19:54:12.2888329Z chown: changing ownership of '/temp': Operation not permitted
2026-02-12T19:54:12.2993345Z chmod: changing permissions of '/temp': Operation not permitted
2026-02-12T19:54:14.5838971Z Restarting OpenBSD Secure Shell server: sshd.
2026-02-12T19:54:14.6923857Z node not running, starting node /opt/webssh/index.js
2026-02-12T19:54:25.7204491Z Thu Feb 12 19:54:25 UTC 2026 running .net core
2026-02-12T19:54:27.0371685Z Startup : 07.54.26.939612
2026-02-12T19:54:27.1281149Z Configure Services : 07.54.27.110279
2026-02-12T19:54:29.4520643Z Configure : 07.54.29.172282
2026-02-12T19:54:30.4298492Z Setting Up Routes : 07.54.30.429685
2026-02-12T19:54:30.5092925Z Exiting Configure : 07.54.30.509170
2026-02-12T19:54:31.0109494Z Hosting environment: Production
2026-02-12T19:54:31.0111008Z Content root path: /opt/Kudu
2026-02-12T19:54:31.0113459Z Now listening on: http://0.0.0.0:8181
2026-02-12T19:54:31.0113806Z Application started. Press Ctrl+C to shut down.
